生成启动时间为 2015/1/28 19:43:31。
     1>项目“C:\Users\Lenovo\Desktop\计算机实时动画Final\src\Assignment1\FirstOpengl\FirstOpengl.vcxproj”在节点 2 上(build 个目标)。
     1>InitializeBuildStatus:
         正在创建“Release\OpenGL_Assignment.unsuccessfulbuild”，因为已指定“AlwaysCreate”。
       ClCompile:
         S:\Tools\visual studio 2010\VC\bin\CL.exe /c /I../include /Zi /nologo /W3 /WX- /O2 /Oi /Oy- /GL /D _MBCS /D _MBCS /D _AFXDLL /D WIN32 /Gm- /EHsc /MD /GS /Gy /fp:precise /Zc:wchar_t /Zc:forScope /Fo"Release\\" /Fd"Release\vc100.pdb" /Gd /TP /analyze- /errorReport:prompt main.cpp
         main.cpp
     1>main.cpp(100): warning C4996: 'fopen': This function or variable may be unsafe. Consider using fopen_s instead. To disable deprecation, use _CRT_SECURE_NO_WARNINGS. See online help for details.
                 S:\Tools\visual studio 2010\VC\include\stdio.h(234) : 参见“fopen”的声明
       Link:
         S:\Tools\visual studio 2010\VC\bin\link.exe /ERRORREPORT:PROMPT /OUT:"C:\Users\Lenovo\Desktop\计算机实时动画Final\src\Assignment1\Release\OpenGL_Assignment.exe" /NOLOGO /LIBPATH:../lib GLAUX.LIB glut32.lib kernel32.lib user32.lib gdi32.lib winspool.lib comdlg32.lib advapi32.lib shell32.lib ole32.lib oleaut32.lib uuid.lib odbc32.lib odbccp32.lib /MANIFEST /ManifestFile:"Release\OpenGL_Assignment.exe.intermediate.manifest" /MANIFESTUAC:"level='asInvoker' uiAccess='false'" /DEBUG /PDB:"C:\Users\Lenovo\Desktop\计算机实时动画Final\src\Assignment1\Release\OpenGL_Assignment.pdb" /OPT:REF /OPT:ICF /LTCG /TLBID:1 /DYNAMICBASE /NXCOMPAT /IMPLIB:"C:\Users\Lenovo\Desktop\计算机实时动画Final\src\Assignment1\Release\OpenGL_Assignment.lib" /MACHINE:X86 Release\main.obj
         正在生成代码
         已完成代码的生成
         FirstOpengl.vcxproj -> C:\Users\Lenovo\Desktop\计算机实时动画Final\src\Assignment1\Release\OpenGL_Assignment.exe
       Manifest:
         C:\Program Files (x86)\Microsoft SDKs\Windows\v7.0A\bin\mt.exe /nologo /verbose /outputresource:"C:\Users\Lenovo\Desktop\计算机实时动画Final\src\Assignment1\Release\OpenGL_Assignment.exe;#1" /manifest Release\OpenGL_Assignment.exe.intermediate.manifest "S:\Tools\visual studio 2010\VC\Include\Manifest\dpiaware.manifest"
       FinalizeBuildStatus:
         正在删除文件“Release\OpenGL_Assignment.unsuccessfulbuild”。
         正在对“Release\OpenGL_Assignment.lastbuildstate”执行 Touch 任务。
     1>已完成生成项目“C:\Users\Lenovo\Desktop\计算机实时动画Final\src\Assignment1\FirstOpengl\FirstOpengl.vcxproj”(build 个目标)的操作。

生成成功。

已用时间 00:00:02.90
