生成启动时间为 2014/11/3 21:35:28。
     1>项目“C:\Users\Lenovo\Desktop\熬过大三！\2计算机实时图形与动画\FirstOpengl\FirstOpengl\FirstOpengl.vcxproj”在节点 2 上(build 个目标)。
     1>C:\Program Files (x86)\MSBuild\Microsoft.Cpp\v4.0\Microsoft.CppBuild.targets(299,5): warning MSB8004: Output 目录未以斜杠结尾。此生成实例将添加斜杠，因为必须有这个斜杠才能正确计算 Output 目录。
     1>InitializeBuildStatus:
         正在创建“Debug\OpenGL_Assignment.unsuccessfulbuild”，因为已指定“AlwaysCreate”。
       ClCompile:
         S:\Tools\visual studio 2010\VC\bin\CL.exe /c /I../include /ZI /nologo /W3 /WX- /Od /Oy- /D _MBCS /D _MBCS /D WIN32 /Gm /EHsc /RTC1 /MDd /GS /fp:precise /Zc:wchar_t /Zc:forScope /Fo"Debug\\" /Fd"Debug\vc100.pdb" /Gd /TP /analyze- /errorReport:prompt main.cpp
         main.cpp
       Link:
         S:\Tools\visual studio 2010\VC\bin\link.exe /ERRORREPORT:PROMPT /OUT:"../bin\OpenGL_Assignment.exe" /NOLOGO /LIBPATH:../lib glut32.lib kernel32.lib user32.lib gdi32.lib winspool.lib comdlg32.lib advapi32.lib shell32.lib ole32.lib oleaut32.lib uuid.lib odbc32.lib odbccp32.lib kernel32.lib user32.lib gdi32.lib winspool.lib comdlg32.lib advapi32.lib shell32.lib ole32.lib oleaut32.lib uuid.lib odbc32.lib odbccp32.lib /MANIFEST /ManifestFile:"Debug\OpenGL_Assignment.exe.intermediate.manifest" /MANIFESTUAC:"level='asInvoker' uiAccess='false'" /DEBUG /PDB:"C:\Users\Lenovo\Desktop\熬过大三！\2计算机实时图形与动画\FirstOpengl\bin\OpenGL_Assignment.pdb" /TLBID:1 /DYNAMICBASE /NXCOMPAT /IMPLIB:"../bin\OpenGL_Assignment.lib" /MACHINE:X86 Debug\main.obj
         LINK : 没有找到 ../bin\OpenGL_Assignment.exe 或上一个增量链接没有生成它；正在执行完全链接
         FirstOpengl.vcxproj -> C:\Users\Lenovo\Desktop\熬过大三！\2计算机实时图形与动画\FirstOpengl\FirstOpengl\../bin\OpenGL_Assignment.exe
       Manifest:
         C:\Program Files (x86)\Microsoft SDKs\Windows\v7.0A\bin\mt.exe /nologo /verbose /outputresource:"../bin\OpenGL_Assignment.exe;#1" /manifest Debug\OpenGL_Assignment.exe.intermediate.manifest
       FinalizeBuildStatus:
         正在删除文件“Debug\OpenGL_Assignment.unsuccessfulbuild”。
         正在对“Debug\OpenGL_Assignment.lastbuildstate”执行 Touch 任务。
     1>已完成生成项目“C:\Users\Lenovo\Desktop\熬过大三！\2计算机实时图形与动画\FirstOpengl\FirstOpengl\FirstOpengl.vcxproj”(build 个目标)的操作。

生成成功。

已用时间 00:00:00.85
